<?xml version="1.0" encoding="UTF-8"?>
<!-- Generated by org.testng.reporters.JUnitReportReporter -->
<testsuite skipped="0" hostname="ip-172-31-94-108" name="restapi.GetRequest" tests="1" failures="0" timestamp="30 Nov 2021 07:20:05 GMT" time="1.724" errors="0">
  <testcase name="GetCall" time="1.724" classname="restapi.GetRequest"/>
</testsuite> <!-- restapi.GetRequest -->
