<?xml version="1.0" encoding="UTF-8"?>
<!-- Generated by org.testng.reporters.JUnitReportReporter -->
<testsuite skipped="0" hostname="ip-172-31-94-108" name="restapi.GetRequestWithParam" tests="1" failures="0" timestamp="02 Dec 2021 04:35:03 GMT" time="2.139" errors="0">
  <testcase name="GetCall" time="2.139" classname="restapi.GetRequestWithParam"/>
</testsuite> <!-- restapi.GetRequestWithParam -->
