<?xml version="1.0" encoding="UTF-8"?>
<!-- Generated by org.testng.reporters.JUnitReportReporter -->
<testsuite skipped="0" hostname="ip-172-31-94-108" name="oAuth.OAuthRequest" tests="1" failures="0" timestamp="03 Dec 2021 04:28:44 GMT" time="2.092" errors="0">
  <testcase name="PostCall" time="2.092" classname="oAuth.OAuthRequest"/>
</testsuite> <!-- oAuth.OAuthRequest -->
