<?xml version="1.0" encoding="UTF-8"?>
<!-- Generated by org.testng.reporters.JUnitReportReporter -->
<testsuite skipped="0" hostname="ip-172-31-94-108" name="restAPIBDD.PostRequest" tests="1" failures="0" timestamp="03 Dec 2021 03:56:42 GMT" time="1.242" errors="0">
  <testcase name="PostCall" time="1.242" classname="restAPIBDD.PostRequest"/>
</testsuite> <!-- restAPIBDD.PostRequest -->
