<?xml version="1.0" encoding="UTF-8"?>
<!-- Generated by org.testng.reporters.JUnitReportReporter -->
<testsuite skipped="0" hostname="ip-172-31-94-108" name="restapi.PostRequestWithJsonObject" tests="1" failures="0" timestamp="02 Dec 2021 04:39:42 GMT" time="1.915" errors="0">
  <testcase name="PostCall" time="1.915" classname="restapi.PostRequestWithJsonObject"/>
</testsuite> <!-- restapi.PostRequestWithJsonObject -->
