<?xml version="1.0" encoding="UTF-8"?>
<!-- Generated by org.testng.reporters.JUnitReportReporter -->
<testsuite skipped="0" hostname="ip-172-31-94-108" name="restapi.PutRequest" tests="1" failures="0" timestamp="02 Dec 2021 05:13:17 GMT" time="1.404" errors="0">
  <testcase name="PostCall" time="1.404" classname="restapi.PutRequest"/>
</testsuite> <!-- restapi.PutRequest -->
