<?xml version="1.0" encoding="UTF-8"?>
<!-- Generated by org.testng.reporters.JUnitReportReporter -->
<testsuite skipped="0" hostname="ip-172-31-94-108" name="restapi.PostCallWithJSONFile" tests="1" failures="0" timestamp="02 Dec 2021 04:58:01 GMT" time="2.248" errors="0">
  <testcase name="PostCall" time="2.248" classname="restapi.PostCallWithJSONFile"/>
</testsuite> <!-- restapi.PostCallWithJSONFile -->
