<?xml version="1.0" encoding="UTF-8"?>
<!-- Generated by org.testng.reporters.JUnitReportReporter -->
<testsuite skipped="0" hostname="ip-172-31-94-108" name="restapiChaining.EndToEndTest" tests="1" failures="0" timestamp="02 Dec 2021 07:06:47 GMT" time="1.842" errors="0">
  <testcase name="test1" time="1.842" classname="restapiChaining.EndToEndTest"/>
</testsuite> <!-- restapiChaining.EndToEndTest -->
